TN:
SF:src\app.ts
FNF:0
FNH:0
DA:7,3
DA:9,3
DA:11,3
DA:12,3
DA:13,3
DA:14,3
LF:6
LH:6
BRF:0
BRH:0
end_of_record
TN:
SF:src\config\database.ts
FNF:0
FNH:0
DA:3,5
LF:1
LH:1
BRF:0
BRH:0
end_of_record
TN:
SF:src\controllers\healthController.ts
FN:4,healthCheck
FNF:1
FNH:1
FNDA:1,healthCheck
DA:5,1
LF:1
LH:1
BRF:0
BRH:0
end_of_record
TN:
SF:src\controllers\messagesController.ts
FN:6,postMessage
FN:15,getMessages
FNF:2
FNH:2
FNDA:2,postMessage
FNDA:1,getMessages
DA:7,2
DA:8,2
DA:10,2
DA:12,2
DA:16,1
DA:17,1
DA:20,3
LF:7
LH:7
BRF:0
BRH:0
end_of_record
TN:
SF:src\controllers\userController.ts
FN:5,(anonymous_0)
FN:11,(anonymous_1)
FNF:2
FNH:2
FNDA:5,(anonymous_0)
FNDA:4,(anonymous_1)
DA:5,3
DA:6,5
DA:7,5
DA:8,5
DA:11,3
DA:12,4
DA:13,4
DA:14,3
LF:8
LH:8
BRF:0
BRH:0
end_of_record
TN:
SF:src\middlewares\errorMiddleware.ts
FN:15,errorHandlerMiddleware
FNF:1
FNH:1
FNDA:2,errorHandlerMiddleware
DA:3,3
DA:16,2
DA:17,2
LF:3
LH:3
BRDA:16,0,0,2
BRDA:16,0,1,0
BRDA:18,1,0,2
BRDA:18,1,1,0
BRF:4
BRH:2
end_of_record
TN:
SF:src\middlewares\tokenMiddleware.ts
FN:9,authenticateToken
FNF:1
FNH:1
FNDA:4,authenticateToken
DA:10,4
DA:12,4
DA:14,3
DA:15,3
DA:17,3
DA:18,3
DA:19,3
DA:21,3
DA:23,3
DA:24,3
DA:26,0
LF:11
LH:10
BRDA:12,0,0,1
BRDA:12,0,1,3
BRDA:15,1,0,0
BRDA:15,1,1,3
BRDA:15,2,0,3
BRDA:15,2,1,3
BRDA:19,3,0,0
BRDA:19,3,1,3
BRF:8
BRH:6
end_of_record
TN:
SF:src\middlewares\validateSchemaMiddleware.ts
FN:5,validateSchema
FN:6,(anonymous_1)
FN:10,(anonymous_2)
FNF:3
FNH:2
FNDA:9,validateSchema
FNDA:11,(anonymous_1)
FNDA:0,(anonymous_2)
DA:6,9
DA:7,11
DA:9,11
DA:10,0
DA:11,0
DA:13,11
LF:6
LH:4
BRDA:9,0,0,0
BRDA:9,0,1,11
BRF:2
BRH:1
end_of_record
TN:
SF:src\protocols\protocolTypes.ts
FNF:0
FNH:0
LF:0
LH:0
BRF:0
BRH:0
end_of_record
TN:
SF:src\repositories\messagesRepository.ts
FN:3,createMessage
FN:10,listMessages
FNF:2
FNH:2
FNDA:2,createMessage
FNDA:1,listMessages
DA:4,2
DA:11,1
DA:18,3
LF:3
LH:3
BRDA:10,0,0,1
BRF:1
BRH:1
end_of_record
TN:
SF:src\repositories\userRepository.ts
FN:3,createUser
FN:10,findAllUsers
FN:16,findUserByUsername
FN:22,findUserById
FNF:4
FNH:2
FNDA:5,createUser
FNDA:0,findAllUsers
FNDA:9,findUserByUsername
FNDA:0,findUserById
DA:4,5
DA:7,5
DA:11,0
DA:13,0
DA:17,9
DA:19,9
DA:23,0
DA:25,0
DA:30,3
LF:9
LH:5
BRF:0
BRH:0
end_of_record
TN:
SF:src\routes\healthRouters.ts
FNF:0
FNH:0
DA:4,3
DA:5,3
LF:2
LH:2
BRF:0
BRH:0
end_of_record
TN:
SF:src\routes\indexRouters.ts
FNF:0
FNH:0
DA:7,3
DA:8,3
DA:9,3
DA:10,3
LF:4
LH:4
BRF:0
BRH:0
end_of_record
TN:
SF:src\routes\messagesRouters.ts
FNF:0
FNH:0
DA:7,3
DA:9,3
DA:10,3
LF:3
LH:3
BRF:0
BRH:0
end_of_record
TN:
SF:src\routes\usersRouter.ts
FNF:0
FNH:0
DA:6,3
DA:7,3
DA:8,3
LF:3
LH:3
BRF:0
BRH:0
end_of_record
TN:
SF:src\schemas\messagesSchema.ts
FNF:0
FNH:0
DA:3,3
LF:1
LH:1
BRF:0
BRH:0
end_of_record
TN:
SF:src\schemas\userSchema.ts
FNF:0
FNH:0
DA:3,3
DA:9,3
LF:2
LH:2
BRF:0
BRH:0
end_of_record
TN:
SF:src\services\messagesService.ts
FN:10,formatTime
FN:14,normalizeTo
FN:23,createMessage
FN:53,listMessages
FN:56,(anonymous_4)
FNF:5
FNH:5
FNDA:5,formatTime
FNDA:4,normalizeTo
FNDA:4,createMessage
FNDA:2,listMessages
FNDA:1,(anonymous_4)
DA:11,5
DA:15,4
DA:17,4
DA:18,3
DA:20,0
DA:24,4
DA:25,0
DA:28,4
DA:30,4
DA:31,0
DA:37,4
DA:44,4
DA:54,2
DA:56,2
DA:65,4
LF:15
LH:12
BRDA:15,0,0,4
BRDA:15,0,1,0
BRDA:17,1,0,1
BRDA:17,1,1,3
BRDA:18,2,0,3
BRDA:18,2,1,0
BRDA:24,3,0,0
BRDA:24,3,1,4
BRDA:24,4,0,4
BRDA:24,4,1,4
BRDA:30,5,0,0
BRDA:30,5,1,4
BRDA:30,6,0,4
BRDA:30,6,1,0
BRF:14
BRH:9
end_of_record
TN:
SF:src\services\userService.ts
FN:5,postNewUser
FN:17,findUsers
FNF:2
FNH:2
FNDA:7,postNewUser
FNDA:7,findUsers
DA:6,7
DA:7,7
DA:8,1
DA:10,6
DA:12,6
DA:14,6
DA:19,7
DA:20,7
DA:22,5
DA:23,5
DA:25,4
DA:30,4
DA:33,4
LF:13
LH:13
BRDA:7,0,0,1
BRDA:7,0,1,6
BRDA:20,1,0,2
BRDA:20,1,1,5
BRDA:23,2,0,1
BRDA:23,2,1,4
BRF:6
BRH:6
end_of_record
TN:
SF:src\utils\asyncHandler.ts
FN:3,asyncHandler
FN:6,(anonymous_1)
FNF:2
FNH:2
FNDA:6,asyncHandler
FNDA:9,(anonymous_1)
DA:6,6
DA:7,9
LF:2
LH:2
BRF:0
BRH:0
end_of_record
